<?xml version="1.0" encoding="UTF-8"?>
<testsuite xmlns:xsi="http://www.w3.org/2001/XMLSchema-instance" xsi:noNamespaceSchemaLocation="https://maven.apache.org/surefire/maven-surefire-plugin/xsd/surefire-test-report.xsd" name="com.theobfuscatorinator.GraphTest" time="0.001" tests="9" errors="0" skipped="0" failures="0">
  <properties>
[...]
</properties>
  <testcase name="testAddMultipleEdges" classname="com.theobfuscatorinator.GraphTest" time="0"/>
  <testcase name="testAddEdge" classname="com.theobfuscatorinator.GraphTest" time="0"/>
  <testcase name="testAddEdgeToItself" classname="com.theobfuscatorinator.GraphTest" time="0.001"/>
  <testcase name="testMultipleNodesAdded" classname="com.theobfuscatorinator.GraphTest" time="0"/>
  <testcase name="testNodesSorted" classname="com.theobfuscatorinator.GraphTest" time="0"/>
  <testcase name="testAddMultipleEdgesToSameNode" classname="com.theobfuscatorinator.GraphTest" time="0"/>
  <testcase name="testUniqueAdaded" classname="com.theobfuscatorinator.GraphTest" time="0"/>
  <testcase name="testNodeAdded" classname="com.theobfuscatorinator.GraphTest" time="0"/>
  <testcase name="testAddUniqueEdges" classname="com.theobfuscatorinator.GraphTest" time="0"/>
</testsuite>